<?xml version="1.0" encoding="UTF-8"?>
<!-- Generated by org.testng.reporters.JUnitReportReporter -->
<testsuite hostname="Tejas" failures="0" tests="1" name="testing.testNG" time="11.854" errors="0" timestamp="2023-03-16T20:15:55 IST" skipped="0">
  <testcase classname="testing.testNG" name="Teacherpage" time="11.854"/>
  <system-out/>
</testsuite> <!-- testing.testNG -->
