<?xml version="1.0" encoding="UTF-8"?>
<!-- Generated by org.testng.reporters.JUnitReportReporter -->
<testsuite hostname="Tejas" failures="0" tests="1" name="education.testNG" time="0.018" errors="0" timestamp="2023-03-08T21:09:35 IST" skipped="0">
  <testcase classname="education.testNG" name="test123" time="0.018"/>
  <system-out/>
</testsuite> <!-- education.testNG -->
